<?xml version="1.0" encoding="UTF-8"?>
<testng-results ignored="0" total="2" passed="2" failed="0" skipped="0">
  <reporter-output>
  </reporter-output>
  <suite started-at="2025-05-26T18:27:19 IST" name="Suite" finished-at="2025-05-26T18:27:26 IST" duration-ms="6567">
    <groups>
    </groups>
    <test started-at="2025-05-26T18:27:19 IST" name="Test" finished-at="2025-05-26T18:27:26 IST" duration-ms="6567">
      <class name="Tests.LoginTest">
        <test-method is-config="true" signature="setUp()[pri:0, instance:Tests.LoginTest@14cd1699]" started-at="2025-05-26T18:27:19 IST" name="setUp" finished-at="2025-05-26T18:27:22 IST" duration-ms="3131" status="PASS">
          <reporter-output>
          </reporter-output>
        </test-method> <!-- setUp -->
        <test-method signature="Validate_DevOps_Selenium_Design()[pri:0, instance:Tests.LoginTest@14cd1699]" started-at="2025-05-26T18:27:22 IST" name="Validate_DevOps_Selenium_Design" finished-at="2025-05-26T18:27:22 IST" duration-ms="187" status="PASS">
          <reporter-output>
          </reporter-output>
        </test-method> <!-- Validate_DevOps_Selenium_Design -->
        <test-method is-config="true" signature="tearDown()[pri:0, instance:Tests.LoginTest@14cd1699]" started-at="2025-05-26T18:27:22 IST" name="tearDown" finished-at="2025-05-26T18:27:23 IST" duration-ms="150" status="PASS">
          <reporter-output>
          </reporter-output>
        </test-method> <!-- tearDown -->
        <test-method is-config="true" signature="setUp()[pri:0, instance:Tests.LoginTest@14cd1699]" started-at="2025-05-26T18:27:23 IST" name="setUp" finished-at="2025-05-26T18:27:24 IST" duration-ms="1938" status="PASS">
          <reporter-output>
          </reporter-output>
        </test-method> <!-- setUp -->
        <test-method signature="Validate_Sign_In()[pri:0, instance:Tests.LoginTest@14cd1699]" started-at="2025-05-26T18:27:24 IST" name="Validate_Sign_In" finished-at="2025-05-26T18:27:25 IST" duration-ms="968" status="PASS">
          <reporter-output>
          </reporter-output>
        </test-method> <!-- Validate_Sign_In -->
        <test-method is-config="true" signature="tearDown()[pri:0, instance:Tests.LoginTest@14cd1699]" started-at="2025-05-26T18:27:25 IST" name="tearDown" finished-at="2025-05-26T18:27:26 IST" duration-ms="145" status="PASS">
          <reporter-output>
          </reporter-output>
        </test-method> <!-- tearDown -->
      </class> <!-- Tests.LoginTest -->
    </test> <!-- Test -->
  </suite> <!-- Suite -->
</testng-results>
