<?xml version="1.0" encoding="UTF-8"?>
<testng-results ignored="0" total="1" passed="1" failed="0" skipped="0">
  <reporter-output>
  </reporter-output>
  <suite started-at="2025-05-26T18:13:52 IST" name="Suite" finished-at="2025-05-26T18:13:56 IST" duration-ms="3387">
    <groups>
    </groups>
    <test started-at="2025-05-26T18:13:52 IST" name="Test" finished-at="2025-05-26T18:13:56 IST" duration-ms="3387">
      <class name="Tests.LoginTest">
        <test-method is-config="true" signature="setUp()[pri:0, instance:Tests.LoginTest@76505305]" started-at="2025-05-26T18:13:52 IST" name="setUp" finished-at="2025-05-26T18:13:54 IST" duration-ms="1707" status="PASS">
          <reporter-output>
          </reporter-output>
        </test-method> <!-- setUp -->
        <test-method signature="Validate_Login_Page()[pri:0, instance:Tests.LoginTest@76505305]" started-at="2025-05-26T18:13:54 IST" name="Validate_Login_Page" finished-at="2025-05-26T18:13:56 IST" duration-ms="1459" status="PASS">
          <reporter-output>
          </reporter-output>
        </test-method> <!-- Validate_Login_Page -->
        <test-method is-config="true" signature="tearDown()[pri:0, instance:Tests.LoginTest@76505305]" started-at="2025-05-26T18:13:56 IST" name="tearDown" finished-at="2025-05-26T18:13:56 IST" duration-ms="182" status="PASS">
          <reporter-output>
          </reporter-output>
        </test-method> <!-- tearDown -->
      </class> <!-- Tests.LoginTest -->
    </test> <!-- Test -->
  </suite> <!-- Suite -->
</testng-results>
